<?xml version="1.0" encoding="UTF-8"?>
<coverage generated="1609196124517" clover="3.2.0">
  <project timestamp="1609196124517" name="All files">
    <metrics statements="46" coveredstatements="9" conditionals="4" coveredconditionals="0" methods="24" coveredmethods="4" elements="74" coveredelements="13" complexity="0" loc="46" ncloc="46" packages="2" files="6" classes="6"/>
    <package name="components.fancy-tables">
      <metrics statements="44" coveredstatements="7" conditionals="4" coveredconditionals="0" methods="24" coveredmethods="4"/>
      <file name="ExportButtons.vue" path="C:\Users\Jason\Documents\sample-bootstrap-vue-fancy-table\src\components\fancy-tables\ExportButtons.vue">
        <metrics statements="30" coveredstatements="4" conditionals="0" coveredconditionals="0" methods="14" coveredmethods="1"/>
        <line num="24" count="2" type="stmt"/>
        <line num="25" count="2" type="stmt"/>
        <line num="26" count="2" type="stmt"/>
        <line num="35" count="2" type="stmt"/>
        <line num="45" count="0" type="stmt"/>
        <line num="46" count="0" type="stmt"/>
        <line num="48" count="0" type="stmt"/>
        <line num="50" count="0" type="stmt"/>
        <line num="51" count="0" type="stmt"/>
        <line num="56" count="0" type="stmt"/>
        <line num="60" count="0" type="stmt"/>
        <line num="63" count="0" type="stmt"/>
        <line num="66" count="0" type="stmt"/>
        <line num="69" count="0" type="stmt"/>
        <line num="70" count="0" type="stmt"/>
        <line num="108" count="0" type="stmt"/>
        <line num="109" count="0" type="stmt"/>
        <line num="110" count="0" type="stmt"/>
        <line num="112" count="0" type="stmt"/>
        <line num="113" count="0" type="stmt"/>
        <line num="119" count="0" type="stmt"/>
        <line num="120" count="0" type="stmt"/>
        <line num="124" count="0" type="stmt"/>
        <line num="125" count="0" type="stmt"/>
        <line num="126" count="0" type="stmt"/>
        <line num="127" count="0" type="stmt"/>
        <line num="129" count="0" type="stmt"/>
        <line num="130" count="0" type="stmt"/>
        <line num="131" count="0" type="stmt"/>
        <line num="132" count="0" type="stmt"/>
      </file>
      <file name="PageSizeSelect.vue" path="C:\Users\Jason\Documents\sample-bootstrap-vue-fancy-table\src\components\fancy-tables\PageSizeSelect.vue">
        <metrics statements="1" coveredstatements="0" conditionals="0" coveredconditionals="0" methods="1" coveredmethods="0"/>
        <line num="12" count="0" type="stmt"/>
      </file>
      <file name="SearchInput.vue" path="C:\Users\Jason\Documents\sample-bootstrap-vue-fancy-table\src\components\fancy-tables\SearchInput.vue">
        <metrics statements="1" coveredstatements="0" conditionals="0" coveredconditionals="0" methods="1" coveredmethods="0"/>
        <line num="11" count="0" type="stmt"/>
      </file>
      <file name="base-table.js" path="C:\Users\Jason\Documents\sample-bootstrap-vue-fancy-table\src\components\fancy-tables\base-table.js">
        <metrics statements="12" coveredstatements="3" conditionals="4" coveredconditionals="0" methods="8" coveredmethods="3"/>
        <line num="12" count="2" type="stmt"/>
        <line num="19" count="4" type="stmt"/>
        <line num="20" count="2" type="stmt"/>
        <line num="34" count="0" type="stmt"/>
        <line num="36" count="0" type="stmt"/>
        <line num="37" count="0" type="cond" truecount="0" falsecount="4"/>
        <line num="39" count="0" type="stmt"/>
        <line num="41" count="0" type="stmt"/>
        <line num="42" count="0" type="stmt"/>
        <line num="43" count="0" type="stmt"/>
        <line num="47" count="0" type="stmt"/>
        <line num="50" count="0" type="stmt"/>
      </file>
    </package>
    <package name="plugins">
      <metrics statements="2" coveredstatements="2" conditionals="0" coveredconditionals="0" methods="0" coveredmethods="0"/>
      <file name="bootstrap-vue.js" path="C:\Users\Jason\Documents\sample-bootstrap-vue-fancy-table\src\plugins\bootstrap-vue.js">
        <metrics statements="1" coveredstatements="1" conditionals="0" coveredconditionals="0" methods="0" coveredmethods="0"/>
        <line num="7" count="2" type="stmt"/>
      </file>
      <file name="font-awesome.js" path="C:\Users\Jason\Documents\sample-bootstrap-vue-fancy-table\src\plugins\font-awesome.js">
        <metrics statements="1" coveredstatements="1" conditionals="0" coveredconditionals="0" methods="0" coveredmethods="0"/>
        <line num="3" count="2" type="stmt"/>
      </file>
    </package>
  </project>
</coverage>
