<?xml version="1.0" encoding="UTF-8"?>
<coverage generated="1609122966163" clover="3.2.0">
  <project timestamp="1609122966163" name="All files">
    <metrics statements="24" coveredstatements="7" conditionals="0" coveredconditionals="0" methods="15" coveredmethods="2" elements="39" coveredelements="9" complexity="0" loc="24" ncloc="24" packages="2" files="6" classes="6"/>
    <package name="components.fancy-tables">
      <metrics statements="22" coveredstatements="5" conditionals="0" coveredconditionals="0" methods="15" coveredmethods="2"/>
      <file name="ExportButtons.vue" path="C:\Users\Jason\Documents\sample-bootstrap-vue-fancy-table\src\components\fancy-tables\ExportButtons.vue">
        <metrics statements="19" coveredstatements="4" conditionals="0" coveredconditionals="0" methods="12" coveredmethods="1"/>
        <line num="24" count="2" type="stmt"/>
        <line num="25" count="2" type="stmt"/>
        <line num="26" count="2" type="stmt"/>
        <line num="31" count="2" type="stmt"/>
        <line num="37" count="0" type="stmt"/>
        <line num="40" count="0" type="stmt"/>
        <line num="42" count="0" type="stmt"/>
        <line num="48" count="0" type="stmt"/>
        <line num="49" count="0" type="stmt"/>
        <line num="50" count="0" type="stmt"/>
        <line num="51" count="0" type="stmt"/>
        <line num="52" count="0" type="stmt"/>
        <line num="56" count="0" type="stmt"/>
        <line num="60" count="0" type="stmt"/>
        <line num="61" count="0" type="stmt"/>
        <line num="63" count="0" type="stmt"/>
        <line num="64" count="0" type="stmt"/>
        <line num="72" count="0" type="stmt"/>
        <line num="76" count="0" type="stmt"/>
      </file>
      <file name="PageSizeSelect.vue" path="C:\Users\Jason\Documents\sample-bootstrap-vue-fancy-table\src\components\fancy-tables\PageSizeSelect.vue">
        <metrics statements="1" coveredstatements="0" conditionals="0" coveredconditionals="0" methods="1" coveredmethods="0"/>
        <line num="12" count="0" type="stmt"/>
      </file>
      <file name="SearchInput.vue" path="C:\Users\Jason\Documents\sample-bootstrap-vue-fancy-table\src\components\fancy-tables\SearchInput.vue">
        <metrics statements="1" coveredstatements="0" conditionals="0" coveredconditionals="0" methods="1" coveredmethods="0"/>
        <line num="11" count="0" type="stmt"/>
      </file>
      <file name="base-table.js" path="C:\Users\Jason\Documents\sample-bootstrap-vue-fancy-table\src\components\fancy-tables\base-table.js">
        <metrics statements="1" coveredstatements="1" conditionals="0" coveredconditionals="0" methods="1" coveredmethods="1"/>
        <line num="12" count="2" type="stmt"/>
      </file>
    </package>
    <package name="plugins">
      <metrics statements="2" coveredstatements="2" conditionals="0" coveredconditionals="0" methods="0" coveredmethods="0"/>
      <file name="bootstrap-vue.js" path="C:\Users\Jason\Documents\sample-bootstrap-vue-fancy-table\src\plugins\bootstrap-vue.js">
        <metrics statements="1" coveredstatements="1" conditionals="0" coveredconditionals="0" methods="0" coveredmethods="0"/>
        <line num="7" count="2" type="stmt"/>
      </file>
      <file name="font-awesome.js" path="C:\Users\Jason\Documents\sample-bootstrap-vue-fancy-table\src\plugins\font-awesome.js">
        <metrics statements="1" coveredstatements="1" conditionals="0" coveredconditionals="0" methods="0" coveredmethods="0"/>
        <line num="3" count="2" type="stmt"/>
      </file>
    </package>
  </project>
</coverage>
