{"C:\\Users\\Jason\\Documents\\sample-bootstrap-vue-fancy-table\\src\\components\\fancy-tables\\ExportButtons.vue": {"path":"C:\\Users\\Jason\\Documents\\sample-bootstrap-vue-fancy-table\\src\\components\\fancy-tables\\ExportButtons.vue","statementMap":{"0":{"start":{"line":24,"column":0},"end":{"line":24,"column":null}},"1":{"start":{"line":25,"column":0},"end":{"line":25,"column":null}},"2":{"start":{"line":26,"column":0},"end":{"line":26,"column":null}},"3":{"start":{"line":31,"column":0},"end":{"line":33,"column":null}},"4":{"start":{"line":37,"column":0},"end":{"line":37,"column":null}},"5":{"start":{"line":40,"column":0},"end":{"line":40,"column":null}},"6":{"start":{"line":42,"column":0},"end":{"line":46,"column":null}},"7":{"start":{"line":48,"column":0},"end":{"line":53,"column":null}},"8":{"start":{"line":49,"column":0},"end":{"line":49,"column":null}},"9":{"start":{"line":50,"column":0},"end":{"line":50,"column":null}},"10":{"start":{"line":51,"column":0},"end":{"line":51,"column":null}},"11":{"start":{"line":52,"column":0},"end":{"line":52,"column":null}},"12":{"start":{"line":56,"column":0},"end":{"line":56,"column":null}},"13":{"start":{"line":60,"column":0},"end":{"line":73,"column":null}},"14":{"start":{"line":61,"column":0},"end":{"line":61,"column":null}},"15":{"start":{"line":63,"column":0},"end":{"line":63,"column":null}},"16":{"start":{"line":64,"column":0},"end":{"line":70,"column":null}},"17":{"start":{"line":72,"column":0},"end":{"line":72,"column":null}},"18":{"start":{"line":76,"column":0},"end":{"line":76,"column":null}}},"fnMap":{"0":{"name":"(anonymous_0)","decl":{"start":{"line":24,"column":0},"end":{"line":24,"column":null}},"loc":{"start":{"line":24,"column":0},"end":{"line":24,"column":null}}},"1":{"name":"(anonymous_1)","decl":{"start":{"line":25,"column":0},"end":{"line":25,"column":null}},"loc":{"start":{"line":25,"column":0},"end":{"line":25,"column":null}}},"2":{"name":"(anonymous_2)","decl":{"start":{"line":26,"column":0},"end":{"line":26,"column":null}},"loc":{"start":{"line":26,"column":0},"end":{"line":26,"column":null}}},"3":{"name":"(anonymous_3)","decl":{"start":{"line":30,"column":0},"end":{"line":30,"column":null}},"loc":{"start":{"line":30,"column":0},"end":{"line":34,"column":null}}},"4":{"name":"(anonymous_4)","decl":{"start":{"line":36,"column":0},"end":{"line":36,"column":null}},"loc":{"start":{"line":36,"column":0},"end":{"line":38,"column":null}}},"5":{"name":"(anonymous_5)","decl":{"start":{"line":39,"column":0},"end":{"line":39,"column":null}},"loc":{"start":{"line":39,"column":0},"end":{"line":54,"column":null}}},"6":{"name":"(anonymous_6)","decl":{"start":{"line":48,"column":0},"end":{"line":48,"column":null}},"loc":{"start":{"line":48,"column":0},"end":{"line":53,"column":null}}},"7":{"name":"(anonymous_7)","decl":{"start":{"line":55,"column":0},"end":{"line":55,"column":null}},"loc":{"start":{"line":55,"column":0},"end":{"line":57,"column":null}}},"8":{"name":"(anonymous_8)","decl":{"start":{"line":58,"column":0},"end":{"line":58,"column":null}},"loc":{"start":{"line":58,"column":0},"end":{"line":74,"column":null}}},"9":{"name":"(anonymous_9)","decl":{"start":{"line":61,"column":0},"end":{"line":61,"column":null}},"loc":{"start":{"line":61,"column":0},"end":{"line":61,"column":null}}},"10":{"name":"(anonymous_11)","decl":{"start":{"line":62,"column":0},"end":{"line":62,"column":null}},"loc":{"start":{"line":62,"column":0},"end":{"line":73,"column":null}}},"11":{"name":"(anonymous_12)","decl":{"start":{"line":75,"column":0},"end":{"line":75,"column":null}},"loc":{"start":{"line":75,"column":0},"end":{"line":77,"column":null}}}},"branchMap":{},"s":{"0":2,"1":2,"2":2,"3":2,"4":0,"5":0,"6":0,"7":0,"8":0,"9":0,"10":0,"11":0,"12":0,"13":0,"14":0,"15":0,"16":0,"17":0,"18":0},"f":{"0":0,"1":0,"2":0,"3":2,"4":0,"5":0,"6":0,"7":0,"8":0,"9":0,"10":0,"11":0},"b":{}}
,"C:\\Users\\Jason\\Documents\\sample-bootstrap-vue-fancy-table\\src\\components\\fancy-tables\\PageSizeSelect.vue": {"path":"C:\\Users\\Jason\\Documents\\sample-bootstrap-vue-fancy-table\\src\\components\\fancy-tables\\PageSizeSelect.vue","statementMap":{"0":{"start":{"line":12,"column":0},"end":{"line":20,"column":null}}},"fnMap":{"0":{"name":"(anonymous_0)","decl":{"start":{"line":11,"column":0},"end":{"line":11,"column":null}},"loc":{"start":{"line":11,"column":0},"end":{"line":21,"column":null}}}},"branchMap":{},"s":{"0":0},"f":{"0":0},"b":{}}
,"C:\\Users\\Jason\\Documents\\sample-bootstrap-vue-fancy-table\\src\\components\\fancy-tables\\SearchInput.vue": {"path":"C:\\Users\\Jason\\Documents\\sample-bootstrap-vue-fancy-table\\src\\components\\fancy-tables\\SearchInput.vue","statementMap":{"0":{"start":{"line":11,"column":0},"end":{"line":13,"column":null}}},"fnMap":{"0":{"name":"(anonymous_0)","decl":{"start":{"line":10,"column":0},"end":{"line":10,"column":null}},"loc":{"start":{"line":10,"column":0},"end":{"line":14,"column":null}}}},"branchMap":{},"s":{"0":0},"f":{"0":0},"b":{}}
,"C:\\Users\\Jason\\Documents\\sample-bootstrap-vue-fancy-table\\src\\components\\fancy-tables\\base-table.js": {"path":"C:\\Users\\Jason\\Documents\\sample-bootstrap-vue-fancy-table\\src\\components\\fancy-tables\\base-table.js","statementMap":{"0":{"start":{"line":12,"column":8},"end":{"line":15,"column":11}}},"fnMap":{"0":{"name":"(anonymous_0)","decl":{"start":{"line":11,"column":4},"end":{"line":11,"column":5}},"loc":{"start":{"line":11,"column":13},"end":{"line":16,"column":5}},"line":11}},"branchMap":{},"s":{"0":2},"f":{"0":2},"b":{},"_coverageSchema":"1a1c01bbd47fc00a2c39e90264f33305004495a9","hash":"d209e90230af077183d6794c2dc72aa2dfaded4d"}
,"C:\\Users\\Jason\\Documents\\sample-bootstrap-vue-fancy-table\\src\\plugins\\bootstrap-vue.js": {"path":"C:\\Users\\Jason\\Documents\\sample-bootstrap-vue-fancy-table\\src\\plugins\\bootstrap-vue.js","statementMap":{"0":{"start":{"line":7,"column":0},"end":{"line":7,"column":21}}},"fnMap":{},"branchMap":{},"s":{"0":2},"f":{},"b":{},"_coverageSchema":"1a1c01bbd47fc00a2c39e90264f33305004495a9","hash":"b617f23851f57d3f81f3ee5e3c681548bea31717"}
,"C:\\Users\\Jason\\Documents\\sample-bootstrap-vue-fancy-table\\src\\plugins\\font-awesome.js": {"path":"C:\\Users\\Jason\\Documents\\sample-bootstrap-vue-fancy-table\\src\\plugins\\font-awesome.js","statementMap":{"0":{"start":{"line":3,"column":0},"end":{"line":3,"column":52}}},"fnMap":{},"branchMap":{},"s":{"0":2},"f":{},"b":{},"_coverageSchema":"1a1c01bbd47fc00a2c39e90264f33305004495a9","hash":"439115791e174b240ab5e988367c76f9faafbfb0"}
}
