{"C:\\Users\\Jason\\Documents\\sample-bootstrap-vue-fancy-table\\src\\components\\fancy-tables\\ExportButtons.vue": {"path":"C:\\Users\\Jason\\Documents\\sample-bootstrap-vue-fancy-table\\src\\components\\fancy-tables\\ExportButtons.vue","statementMap":{"0":{"start":{"line":24,"column":0},"end":{"line":24,"column":null}},"1":{"start":{"line":25,"column":0},"end":{"line":25,"column":null}},"2":{"start":{"line":26,"column":0},"end":{"line":26,"column":null}},"3":{"start":{"line":35,"column":0},"end":{"line":35,"column":null}},"4":{"start":{"line":43,"column":0},"end":{"line":45,"column":null}},"5":{"start":{"line":49,"column":0},"end":{"line":61,"column":null}},"6":{"start":{"line":50,"column":0},"end":{"line":50,"column":null}},"7":{"start":{"line":52,"column":0},"end":{"line":52,"column":null}},"8":{"start":{"line":54,"column":0},"end":{"line":54,"column":null}},"9":{"start":{"line":55,"column":0},"end":{"line":58,"column":null}},"10":{"start":{"line":60,"column":0},"end":{"line":60,"column":null}},"11":{"start":{"line":64,"column":0},"end":{"line":64,"column":null}},"12":{"start":{"line":67,"column":0},"end":{"line":67,"column":null}},"13":{"start":{"line":70,"column":0},"end":{"line":70,"column":null}},"14":{"start":{"line":73,"column":0},"end":{"line":125,"column":null}},"15":{"start":{"line":74,"column":0},"end":{"line":110,"column":null}},"16":{"start":{"line":112,"column":0},"end":{"line":112,"column":null}},"17":{"start":{"line":113,"column":0},"end":{"line":113,"column":null}},"18":{"start":{"line":114,"column":0},"end":{"line":114,"column":null}},"19":{"start":{"line":116,"column":0},"end":{"line":116,"column":null}},"20":{"start":{"line":117,"column":0},"end":{"line":120,"column":null}},"21":{"start":{"line":123,"column":0},"end":{"line":123,"column":null}},"22":{"start":{"line":124,"column":0},"end":{"line":124,"column":null}},"23":{"start":{"line":128,"column":0},"end":{"line":137,"column":null}},"24":{"start":{"line":129,"column":0},"end":{"line":129,"column":null}},"25":{"start":{"line":130,"column":0},"end":{"line":130,"column":null}},"26":{"start":{"line":131,"column":0},"end":{"line":131,"column":null}},"27":{"start":{"line":133,"column":0},"end":{"line":133,"column":null}},"28":{"start":{"line":134,"column":0},"end":{"line":134,"column":null}},"29":{"start":{"line":135,"column":0},"end":{"line":135,"column":null}},"30":{"start":{"line":136,"column":0},"end":{"line":136,"column":null}}},"fnMap":{"0":{"name":"(anonymous_0)","decl":{"start":{"line":24,"column":0},"end":{"line":24,"column":null}},"loc":{"start":{"line":24,"column":0},"end":{"line":24,"column":null}}},"1":{"name":"(anonymous_1)","decl":{"start":{"line":25,"column":0},"end":{"line":25,"column":null}},"loc":{"start":{"line":25,"column":0},"end":{"line":25,"column":null}}},"2":{"name":"(anonymous_2)","decl":{"start":{"line":26,"column":0},"end":{"line":26,"column":null}},"loc":{"start":{"line":26,"column":0},"end":{"line":26,"column":null}}},"3":{"name":"(anonymous_3)","decl":{"start":{"line":34,"column":0},"end":{"line":34,"column":null}},"loc":{"start":{"line":34,"column":0},"end":{"line":36,"column":null}}},"4":{"name":"(anonymous_4)","decl":{"start":{"line":42,"column":0},"end":{"line":42,"column":null}},"loc":{"start":{"line":42,"column":0},"end":{"line":46,"column":null}}},"5":{"name":"(anonymous_5)","decl":{"start":{"line":48,"column":0},"end":{"line":48,"column":null}},"loc":{"start":{"line":48,"column":0},"end":{"line":62,"column":null}}},"6":{"name":"(anonymous_6)","decl":{"start":{"line":50,"column":0},"end":{"line":50,"column":null}},"loc":{"start":{"line":50,"column":0},"end":{"line":50,"column":null}}},"7":{"name":"(anonymous_8)","decl":{"start":{"line":51,"column":0},"end":{"line":51,"column":null}},"loc":{"start":{"line":51,"column":0},"end":{"line":61,"column":null}}},"8":{"name":"(anonymous_9)","decl":{"start":{"line":63,"column":0},"end":{"line":63,"column":null}},"loc":{"start":{"line":63,"column":0},"end":{"line":65,"column":null}}},"9":{"name":"(anonymous_10)","decl":{"start":{"line":66,"column":0},"end":{"line":66,"column":null}},"loc":{"start":{"line":66,"column":0},"end":{"line":68,"column":null}}},"10":{"name":"(anonymous_11)","decl":{"start":{"line":69,"column":0},"end":{"line":69,"column":null}},"loc":{"start":{"line":69,"column":0},"end":{"line":71,"column":null}}},"11":{"name":"(anonymous_12)","decl":{"start":{"line":72,"column":0},"end":{"line":72,"column":null}},"loc":{"start":{"line":72,"column":0},"end":{"line":126,"column":null}}},"12":{"name":"(anonymous_13)","decl":{"start":{"line":73,"column":0},"end":{"line":73,"column":null}},"loc":{"start":{"line":73,"column":0},"end":{"line":125,"column":null}}},"13":{"name":"(anonymous_14)","decl":{"start":{"line":127,"column":0},"end":{"line":127,"column":null}},"loc":{"start":{"line":127,"column":0},"end":{"line":138,"column":null}}},"14":{"name":"(anonymous_15)","decl":{"start":{"line":128,"column":0},"end":{"line":128,"column":null}},"loc":{"start":{"line":128,"column":0},"end":{"line":137,"column":null}}}},"branchMap":{},"s":{"0":2,"1":2,"2":2,"3":2,"4":2,"5":0,"6":0,"7":0,"8":0,"9":0,"10":0,"11":0,"12":0,"13":0,"14":0,"15":0,"16":0,"17":0,"18":0,"19":0,"20":0,"21":0,"22":0,"23":0,"24":0,"25":0,"26":0,"27":0,"28":0,"29":0,"30":0},"f":{"0":0,"1":0,"2":0,"3":2,"4":2,"5":0,"6":0,"7":0,"8":0,"9":0,"10":0,"11":0,"12":0,"13":0,"14":0},"b":{}}
,"C:\\Users\\Jason\\Documents\\sample-bootstrap-vue-fancy-table\\src\\components\\fancy-tables\\PageSizeSelect.vue": {"path":"C:\\Users\\Jason\\Documents\\sample-bootstrap-vue-fancy-table\\src\\components\\fancy-tables\\PageSizeSelect.vue","statementMap":{"0":{"start":{"line":12,"column":0},"end":{"line":20,"column":null}}},"fnMap":{"0":{"name":"(anonymous_0)","decl":{"start":{"line":11,"column":0},"end":{"line":11,"column":null}},"loc":{"start":{"line":11,"column":0},"end":{"line":21,"column":null}}}},"branchMap":{},"s":{"0":0},"f":{"0":0},"b":{}}
,"C:\\Users\\Jason\\Documents\\sample-bootstrap-vue-fancy-table\\src\\components\\fancy-tables\\SearchInput.vue": {"path":"C:\\Users\\Jason\\Documents\\sample-bootstrap-vue-fancy-table\\src\\components\\fancy-tables\\SearchInput.vue","statementMap":{"0":{"start":{"line":11,"column":0},"end":{"line":13,"column":null}}},"fnMap":{"0":{"name":"(anonymous_0)","decl":{"start":{"line":10,"column":0},"end":{"line":10,"column":null}},"loc":{"start":{"line":10,"column":0},"end":{"line":14,"column":null}}}},"branchMap":{},"s":{"0":0},"f":{"0":0},"b":{}}
,"C:\\Users\\Jason\\Documents\\sample-bootstrap-vue-fancy-table\\src\\components\\fancy-tables\\base-table.js": {"path":"C:\\Users\\Jason\\Documents\\sample-bootstrap-vue-fancy-table\\src\\components\\fancy-tables\\base-table.js","statementMap":{"0":{"start":{"line":12,"column":8},"end":{"line":16,"column":11}},"1":{"start":{"line":19,"column":8},"end":{"line":19,"column":83}},"2":{"start":{"line":19,"column":46},"end":{"line":19,"column":81}},"3":{"start":{"line":20,"column":8},"end":{"line":20,"column":54}},"4":{"start":{"line":34,"column":12},"end":{"line":34,"column":45}},"5":{"start":{"line":36,"column":25},"end":{"line":36,"column":50}},"6":{"start":{"line":37,"column":24},"end":{"line":37,"column":115}},"7":{"start":{"line":39,"column":23},"end":{"line":39,"column":47}},"8":{"start":{"line":39,"column":39},"end":{"line":39,"column":46}},"9":{"start":{"line":41,"column":23},"end":{"line":45,"column":14}},"10":{"start":{"line":42,"column":16},"end":{"line":44,"column":19}},"11":{"start":{"line":43,"column":20},"end":{"line":43,"column":69}},"12":{"start":{"line":47,"column":12},"end":{"line":47,"column":34}},"13":{"start":{"line":50,"column":12},"end":{"line":50,"column":47}}},"fnMap":{"0":{"name":"(anonymous_0)","decl":{"start":{"line":11,"column":4},"end":{"line":11,"column":5}},"loc":{"start":{"line":11,"column":13},"end":{"line":17,"column":5}},"line":11},"1":{"name":"(anonymous_1)","decl":{"start":{"line":18,"column":4},"end":{"line":18,"column":5}},"loc":{"start":{"line":18,"column":14},"end":{"line":21,"column":5}},"line":18},"2":{"name":"(anonymous_2)","decl":{"start":{"line":19,"column":41},"end":{"line":19,"column":42}},"loc":{"start":{"line":19,"column":46},"end":{"line":19,"column":81}},"line":19},"3":{"name":"(anonymous_3)","decl":{"start":{"line":33,"column":8},"end":{"line":33,"column":9}},"loc":{"start":{"line":33,"column":18},"end":{"line":48,"column":9}},"line":33},"4":{"name":"(anonymous_4)","decl":{"start":{"line":39,"column":34},"end":{"line":39,"column":35}},"loc":{"start":{"line":39,"column":39},"end":{"line":39,"column":46}},"line":39},"5":{"name":"(anonymous_5)","decl":{"start":{"line":41,"column":33},"end":{"line":41,"column":34}},"loc":{"start":{"line":41,"column":43},"end":{"line":45,"column":13}},"line":41},"6":{"name":"(anonymous_6)","decl":{"start":{"line":42,"column":34},"end":{"line":42,"column":35}},"loc":{"start":{"line":42,"column":45},"end":{"line":44,"column":17}},"line":42},"7":{"name":"(anonymous_7)","decl":{"start":{"line":49,"column":8},"end":{"line":49,"column":9}},"loc":{"start":{"line":49,"column":28},"end":{"line":52,"column":9}},"line":49}},"branchMap":{"0":{"loc":{"start":{"line":37,"column":25},"end":{"line":37,"column":106}},"type":"binary-expr","locations":[{"start":{"line":37,"column":25},"end":{"line":37,"column":47}},{"start":{"line":37,"column":51},"end":{"line":37,"column":75}},{"start":{"line":37,"column":79},"end":{"line":37,"column":100}},{"start":{"line":37,"column":104},"end":{"line":37,"column":106}}],"line":37}},"s":{"0":2,"1":2,"2":4,"3":2,"4":0,"5":0,"6":0,"7":0,"8":0,"9":0,"10":0,"11":0,"12":0,"13":0},"f":{"0":2,"1":2,"2":4,"3":0,"4":0,"5":0,"6":0,"7":0},"b":{"0":[0,0,0,0]},"_coverageSchema":"1a1c01bbd47fc00a2c39e90264f33305004495a9","hash":"199bc0ee3eaefec45953d06452fcd0efce4068b8"}
,"C:\\Users\\Jason\\Documents\\sample-bootstrap-vue-fancy-table\\src\\plugins\\bootstrap-vue.js": {"path":"C:\\Users\\Jason\\Documents\\sample-bootstrap-vue-fancy-table\\src\\plugins\\bootstrap-vue.js","statementMap":{"0":{"start":{"line":7,"column":0},"end":{"line":7,"column":21}}},"fnMap":{},"branchMap":{},"s":{"0":2},"f":{},"b":{},"_coverageSchema":"1a1c01bbd47fc00a2c39e90264f33305004495a9","hash":"b617f23851f57d3f81f3ee5e3c681548bea31717"}
,"C:\\Users\\Jason\\Documents\\sample-bootstrap-vue-fancy-table\\src\\plugins\\font-awesome.js": {"path":"C:\\Users\\Jason\\Documents\\sample-bootstrap-vue-fancy-table\\src\\plugins\\font-awesome.js","statementMap":{"0":{"start":{"line":3,"column":0},"end":{"line":3,"column":52}}},"fnMap":{},"branchMap":{},"s":{"0":2},"f":{},"b":{},"_coverageSchema":"1a1c01bbd47fc00a2c39e90264f33305004495a9","hash":"439115791e174b240ab5e988367c76f9faafbfb0"}
}
