{"total": {"lines":{"total":24,"covered":7,"skipped":0,"pct":29.17},"statements":{"total":24,"covered":7,"skipped":0,"pct":29.17},"functions":{"total":15,"covered":2,"skipped":0,"pct":13.33},"branches":{"total":0,"covered":0,"skipped":0,"pct":100}}
,"C:\\Users\\Jason\\Documents\\sample-bootstrap-vue-fancy-table\\src\\components\\fancy-tables\\ExportButtons.vue": {"lines":{"total":19,"covered":4,"skipped":0,"pct":21.05},"functions":{"total":12,"covered":1,"skipped":0,"pct":8.33},"statements":{"total":19,"covered":4,"skipped":0,"pct":21.05},"branches":{"total":0,"covered":0,"skipped":0,"pct":100}}
,"C:\\Users\\Jason\\Documents\\sample-bootstrap-vue-fancy-table\\src\\components\\fancy-tables\\PageSizeSelect.vue": {"lines":{"total":1,"covered":0,"skipped":0,"pct":0},"functions":{"total":1,"covered":0,"skipped":0,"pct":0},"statements":{"total":1,"covered":0,"skipped":0,"pct":0},"branches":{"total":0,"covered":0,"skipped":0,"pct":100}}
,"C:\\Users\\Jason\\Documents\\sample-bootstrap-vue-fancy-table\\src\\components\\fancy-tables\\SearchInput.vue": {"lines":{"total":1,"covered":0,"skipped":0,"pct":0},"functions":{"total":1,"covered":0,"skipped":0,"pct":0},"statements":{"total":1,"covered":0,"skipped":0,"pct":0},"branches":{"total":0,"covered":0,"skipped":0,"pct":100}}
,"C:\\Users\\Jason\\Documents\\sample-bootstrap-vue-fancy-table\\src\\components\\fancy-tables\\base-table.js": {"lines":{"total":1,"covered":1,"skipped":0,"pct":100},"functions":{"total":1,"covered":1,"skipped":0,"pct":100},"statements":{"total":1,"covered":1,"skipped":0,"pct":100},"branches":{"total":0,"covered":0,"skipped":0,"pct":100}}
,"C:\\Users\\Jason\\Documents\\sample-bootstrap-vue-fancy-table\\src\\plugins\\bootstrap-vue.js": {"lines":{"total":1,"covered":1,"skipped":0,"pct":100},"functions":{"total":0,"covered":0,"skipped":0,"pct":100},"statements":{"total":1,"covered":1,"skipped":0,"pct":100},"branches":{"total":0,"covered":0,"skipped":0,"pct":100}}
,"C:\\Users\\Jason\\Documents\\sample-bootstrap-vue-fancy-table\\src\\plugins\\font-awesome.js": {"lines":{"total":1,"covered":1,"skipped":0,"pct":100},"functions":{"total":0,"covered":0,"skipped":0,"pct":100},"statements":{"total":1,"covered":1,"skipped":0,"pct":100},"branches":{"total":0,"covered":0,"skipped":0,"pct":100}}
}
